TagLib: Could not open file /home/joonas/Documents/music/Soliterre/Noveau Cliche/Soliterre - Nouveau Cliche.zip/01 Soliterre - Alive Again.flac
TagLib: Could not open file /home/joonas/Documents/music/Real Estate/In Mind/Real Estate - In Mind.zip/11 Real Estate - Saturday.flac
TagLib: Could not open file /home/joonas/Documents/music/Real Estate/In Mind/Real Estate - In Mind.zip/09 Real Estate - Diamond Eyes.flac
TagLib: Could not open file /home/joonas/Documents/music/Real Estate/In Mind/Real Estate - In Mind.zip/10 Real Estate - Same Sun.flac
TagLib: Could not open file /home/joonas/Documents/music/Delta Sleep/Ghost City/Delta Sleep - Ghost City.zip/01 Delta Sleep - Sultans of Ping.flac
TagLib: Could not open file /home/joonas/Documents/music/Delta Sleep/Ghost City/Delta Sleep - Ghost City.zip/03 Delta Sleep - Ghost.flac
TagLib: Could not open file /home/joonas/Documents/music/Delta Sleep/Ghost City/Delta Sleep - Ghost City.zip/02 Delta Sleep - After Dark.flac
TagLib: Could not open file /home/joonas/Documents/music/Delta Sleep/Ghost City/Delta Sleep - Ghost City.zip/02 Delta Sleep - After Dark.flac
TagLib: Could not open file /home/joonas/Documents/music/Delta Sleep/Ghost City/Delta Sleep - Ghost City.zip/02 Delta Sleep - After Dark.flac
TagLib: Could not open file /home/joonas/Documents/music/Delta Sleep/Ghost City/Delta Sleep - Ghost City.zip/02 Delta Sleep - After Dark.flac
TagLib: Could not open file /home/joonas/Documents/music/Delta Sleep/Ghost City/Delta Sleep - Ghost City.zip/02 Delta Sleep - After Dark.flac
TagLib: Could not open file /home/joonas/Documents/music/Delta Sleep/Ghost City/Delta Sleep - Ghost City.zip/02 Delta Sleep - After Dark.flac
TagLib: Could not open file /home/joonas/Documents/music/Real Estate/In Mind/Real Estate - In Mind.zip/09 Real Estate - Diamond Eyes.flac
TagLib: Could not open file /home/joonas/Documents/music/Real Estate/In Mind/Real Estate - In Mind.zip/09 Real Estate - Diamond Eyes.flac
TagLib: Could not open file /home/joonas/Documents/music/Delta Sleep/Ghost City/Delta Sleep - Ghost City.zip/04 Delta Sleep - Single File.flac
TagLib: Could not open file /home/joonas/Documents/music/Delta Sleep/Ghost City/Delta Sleep - Ghost City.zip/05 Delta Sleep - Dotwork.flac
TagLib: Could not open file /home/joonas/Documents/music/Delta Sleep/Ghost City/Delta Sleep - Ghost City.zip/05 Delta Sleep - Dotwork.flac
TagLib: Could not open file /home/joonas/Documents/music/Real Estate/In Mind/Real Estate - In Mind.zip/10 Real Estate - Same Sun.flac
TagLib: Could not open file /home/joonas/Documents/music/Real Estate/In Mind/Real Estate - In Mind.zip/09 Real Estate - Diamond Eyes.flac
TagLib: Could not open file /home/joonas/Documents/music/Delta Sleep/Ghost City/Delta Sleep - Ghost City.zip/04 Delta Sleep - Single File.flac
TagLib: Could not open file /home/joonas/Documents/music/Delta Sleep/Ghost City/Delta Sleep - Ghost City.zip/05 Delta Sleep - Dotwork.flac
TagLib: Could not open file /home/joonas/Documents/music/Delta Sleep/Ghost City/Delta Sleep - Ghost City.zip/05 Delta Sleep - Dotwork.flac
TagLib: Could not open file /home/joonas/Documents/music/Delta Sleep/Ghost City/Delta Sleep - Ghost City.zip/06 Delta Sleep - Dream Thang.flac
TagLib: Could not open file /home/joonas/Documents/music/Delta Sleep/Ghost City/Delta Sleep - Ghost City.zip/06 Delta Sleep - Dream Thang.flac
TagLib: Could not open file /home/joonas/Documents/music/Delta Sleep/Ghost City/Delta Sleep - Ghost City.zip/06 Delta Sleep - Dream Thang.flac
TagLib: Could not open file /home/joonas/Documents/music/Delta Sleep/Ghost City/Delta Sleep - Ghost City.zip/07 Delta Sleep - Sans Soleil.flac
TagLib: Could not open file /home/joonas/Documents/music/Delta Sleep/Ghost City/Delta Sleep - Ghost City.zip/07 Delta Sleep - Sans Soleil.flac
TagLib: Could not open file /home/joonas/Documents/music/Delta Sleep/Ghost City/Delta Sleep - Ghost City.zip/08 Delta Sleep - El Pastor.flac
TagLib: Could not open file /home/joonas/Documents/music/Delta Sleep/Ghost City/Delta Sleep - Ghost City.zip/08 Delta Sleep - El Pastor.flac
TagLib: Could not open file /home/joonas/Documents/music/Delta Sleep/Ghost City/Delta Sleep - Ghost City.zip/09 Delta Sleep - Glass.flac
TagLib: Could not open file /home/joonas/Documents/music/Delta Sleep/Ghost City/Delta Sleep - Ghost City.zip/10 Delta Sleep - Floater.flac
TagLib: Could not open file /home/joonas/Documents/music/Delta Sleep/Ghost City/Delta Sleep - Ghost City.zip/10 Delta Sleep - Floater.flac
TagLib: Could not open file /home/joonas/Documents/music/Delta Sleep/Ghost City/Delta Sleep - Ghost City.zip/10 Delta Sleep - Floater.flac
TagLib: Could not open file /home/joonas/Documents/music/Delta Sleep/Ghost City/Delta Sleep - Ghost City.zip/11 Delta Sleep - Afterimage.flac
TagLib: Could not open file /home/joonas/Documents/music/Delta Sleep/Ghost City/Delta Sleep - Ghost City.zip/11 Delta Sleep - Afterimage.flac
TagLib: Could not open file /home/joonas/Documents/music/Martin Courtney/Many Moons/Martin Courtney - Many Moons.zip/01 Martin Courtney - Awake.flac
TagLib: Could not open file /home/joonas/Documents/music/Martin Courtney/Many Moons/Martin Courtney - Many Moons.zip/02 Martin Courtney - Foto.flac
